SELECT * FROM forum WHERE short_name = "b5xp9ug"
{'limit': u'87', 'user': '42@bk.ru', 'order': 'desc'}
(371987L, u'Lorem ipsum dolor sit amet, consectetur adipiscing elit. Aliquam a lorem a leo porttitor tincidunt eget et urna. Aenean id lacinia dolor. Sed consequat ipsum at orci porta, sed condimentum dui elementum. Curabitur magna purus, sagittis in convallis ultrices, dignissim pharetra ipsum. In molestie, arcu id convallis blandit, felis metus suscipit justo, ut iaculis metus leo viverra felis. Donec a varius dolor. Cras tempor, nisl in dapibus cursus, risus ligula ultricies nisi, a sagittis justo lorem et odio. Mauris eu scelerisque tellus. Duis luctus enim vel porttitor convallis. Phasellus pretium mi vitae ullamcorper pretium. Vivamus sollicitudin, risus a volutpat condimentum', datetime.datetime(2013, 11, 2, 6, 50, 56), 0, 1, 1, 0, 1, u'pe3dqag7f', 1934L, u'z506b2h@bk.ru', 0L, 0L, 0L, None)
<type 'tuple'>
/user/unfollow: 

{'limit': u'37', 'user': 'bpg8yek3um@bk.ru', 'order': 'desc'}
(203817L, u'Lorem ipsum dolor sit amet, consectetur adipiscing elit. Aliquam a lorem a leo porttitor tincidunt eget et urna. Aenean id lacinia dolor. Sed consequat ipsum at orci porta, sed condimentum dui elementum. Curabitur magna purus, sagittis in convallis ultrices, dignissim pharetra ipsum. In molestie, arcu id convallis blandit, felis metus suscipit justo, ut iaculis metus leo viverra felis. Donec a varius dolor. Cras tempor, nisl in dapibus cursus, risus ligula ultricies nisi, a sagittis justo lorem et odio. Mauris eu scelerisque tellus. Duis luctus enim vel porttitor convallis. Phasellus pretium mi vitae ullamcorper pretium. Vivamus sollicitudin, risus a volutpat condimentum', datetime.datetime(2013, 8, 24, 22, 49, 6), 0, 1, 0, 0, 0, u'gbeylxigw1', 6416L, u'wv@yahoo.com', 0L, 0L, 0L, 101683L)
<type 'tuple'>
{'limit': u'87', 'user': '42@bk.ru', 'order': 'desc'}
(371987L, u'Lorem ipsum dolor sit amet, consectetur adipiscing elit. Aliquam a lorem a leo porttitor tincidunt eget et urna. Aenean id lacinia dolor. Sed consequat ipsum at orci porta, sed condimentum dui elementum. Curabitur magna purus, sagittis in convallis ultrices, dignissim pharetra ipsum. In molestie, arcu id convallis blandit, felis metus suscipit justo, ut iaculis metus leo viverra felis. Donec a varius dolor. Cras tempor, nisl in dapibus cursus, risus ligula ultricies nisi, a sagittis justo lorem et odio. Mauris eu scelerisque tellus. Duis luctus enim vel porttitor convallis. Phasellus pretium mi vitae ullamcorper pretium. Vivamus sollicitudin, risus a volutpat condimentum', datetime.datetime(2013, 11, 2, 6, 50, 56), 0, 1, 1, 0, 1, u'pe3dqag7f', 1934L, u'z506b2h@bk.ru', 0L, 0L, 0L, None)
<type 'tuple'>
SELECT * FROM forum WHERE short_name = "b5xp9ug"
{'limit': u'87', 'user': '42@bk.ru', 'order': 'desc'}
(371987L, u'Lorem ipsum dolor sit amet, consectetur adipiscing elit. Aliquam a lorem a leo porttitor tincidunt eget et urna. Aenean id lacinia dolor. Sed consequat ipsum at orci porta, sed condimentum dui elementum. Curabitur magna purus, sagittis in convallis ultrices, dignissim pharetra ipsum. In molestie, arcu id convallis blandit, felis metus suscipit justo, ut iaculis metus leo viverra felis. Donec a varius dolor. Cras tempor, nisl in dapibus cursus, risus ligula ultricies nisi, a sagittis justo lorem et odio. Mauris eu scelerisque tellus. Duis luctus enim vel porttitor convallis. Phasellus pretium mi vitae ullamcorper pretium. Vivamus sollicitudin, risus a volutpat condimentum', datetime.datetime(2013, 11, 2, 6, 50, 56), 0, 1, 1, 0, 1, u'pe3dqag7f', 1934L, u'z506b2h@bk.ru', 0L, 0L, 0L, None)
<type 'tuple'>
/user/unfollow: 

{'limit': u'37', 'user': 'bpg8yek3um@bk.ru', 'order': 'desc'}
(203817L, u'Lorem ipsum dolor sit amet, consectetur adipiscing elit. Aliquam a lorem a leo porttitor tincidunt eget et urna. Aenean id lacinia dolor. Sed consequat ipsum at orci porta, sed condimentum dui elementum. Curabitur magna purus, sagittis in convallis ultrices, dignissim pharetra ipsum. In molestie, arcu id convallis blandit, felis metus suscipit justo, ut iaculis metus leo viverra felis. Donec a varius dolor. Cras tempor, nisl in dapibus cursus, risus ligula ultricies nisi, a sagittis justo lorem et odio. Mauris eu scelerisque tellus. Duis luctus enim vel porttitor convallis. Phasellus pretium mi vitae ullamcorper pretium. Vivamus sollicitudin, risus a volutpat condimentum', datetime.datetime(2013, 8, 24, 22, 49, 6), 0, 1, 0, 0, 0, u'gbeylxigw1', 6416L, u'wv@yahoo.com', 0L, 0L, 0L, 101683L)
<type 'tuple'>
(405099L, u'Lorem ipsum dolor sit amet, consectetur adipiscing elit. Aliquam a lorem a leo porttitor tincidunt eget et urna. Aenean id lacinia dolor. Sed consequat ipsum at orci porta, sed condimentum dui elementum. Curabitur magna purus, sagittis in convallis ultrices, dignissim pharetra ipsum. In molestie, arcu id convallis blandit, felis metus suscipit justo, ut iaculis metus leo viverra felis. Donec a varius dolor. Cras tempor, nisl in dapibus cursus, risus ligula ultricies nisi, a sagittis justo lorem et odio. Mauris eu scelerisque tellus. Duis luctus enim vel porttitor convallis. Phasellus pretium mi vitae ullamcorper pretium. Vivamus sollicitudin, risus a volutpat condimentum', datetime.datetime(2013, 3, 4, 9, 29, 16), 1, 0, 0, 0, 0, u'9otglvz', 583L, u'fo@ua.ru', 0L, 0L, 0L, None, u'm1nu', u'9otglvz', u'zmin@ya.ru', 10L, 583L, u'9otglvz', u'ka t5k0zwl6', 1, u'2w5mxzv@list.ru', datetime.datetime(2013, 12, 17, 18, 20, 57), u'2g60k3 e5qlpbc4g xo0 h6vx7w 7garg85 wxqv72 gcw 29 h7ndqrgw1 dishfoc ohi1vl9dfm cptsgnx e0xh9w ag zpxb 3gb g9gn k40xhb1t z80xu39nlf t4uo76n9 2znpgx0u 8by02ztmlf d10c8 nszxltfa2 9h 3s 1dr akd4yie9sq 6hxznervf', u'w6svid', 0, 99L, 0L, 0L, 0L)
<type 'tuple'>
(128993L, u'Lorem ipsum dolor sit amet, consectetur adipiscing elit. Aliquam a lorem a leo porttitor tincidunt eget et urna. Aenean id lacinia dolor. Sed consequat ipsum at orci porta, sed condimentum dui elementum. Curabitur magna purus, sagittis in convallis ultrices, dignissim pharetra ipsum. In molestie, arcu id convallis blandit, felis metus suscipit justo, ut iaculis metus leo viverra felis. Donec a varius dolor. Cras tempor, nisl in dapibus cursus, risus ligula ultricies nisi, a sagittis justo lorem et odio. Mauris eu scelerisque tellus. Duis luctus enim vel porttitor convallis. Phasellus pretium mi vitae ullamcorper pretium. Vivamus sollicitudin, risus a volutpat condimentum', datetime.datetime(2013, 12, 13, 23, 52, 58), 1, 1, 0, 0, 1, u'gbeylxigw1', 7989L, u'z8bg@yahoo.com', 0L, 0L, 0L, 93976L, u'2bhd7f6 l17 fbr95gush2', u'gbeylxigw1', u'ygsqo3509@bk.ru', 7L)
<type 'tuple'>
{'limit': u'97', 'user': 'fp6gg@bk.ru', 'order': 'desc'}
{'limit': u'76', 'user': 'grnvl987yc@bk.ru', 'order': 'desc'}
{'limit': u'45', 'user': '6dr9@ua.ru', 'order': 'asc'}
SELECT * FROM forum WHERE short_name = "i0pq3f9w"
{'limit': u'44', 'user': 'pf@bk.ru', 'order': 'asc'}
{'limit': u'98', 'user': '86@list.ru', 'order': 'desc'}
(615330L, u'Lorem ipsum dolor sit amet, consectetur adipiscing elit. Aliquam a lorem a leo porttitor tincidunt eget et urna. Aenean id lacinia dolor. Sed consequat ipsum at orci porta, sed condimentum dui elementum. Curabitur magna purus, sagittis in convallis ultrices, dignissim pharetra ipsum. In molestie, arcu id convallis blandit, felis metus suscipit justo, ut iaculis metus leo viverra felis. Donec a varius dolor. Cras tempor, nisl in dapibus cursus, risus ligula ultricies nisi, a sagittis justo lorem et odio. Mauris eu scelerisque tellus. Duis luctus enim vel porttitor convallis. Phasellus pretium mi vitae ullamcorper pretium. Vivamus sollicitudin, risus a volutpat condimentum', datetime.datetime(2013, 10, 14, 15, 13, 11), 0, 1, 0, 1, 0, u'27o', 8225L, u'0p6kf5tw@mail.ru', 0L, 0L, 0L, 430195L)
<type 'tuple'>
{'limit': u'19', 'user': 'hgns@ua.ru', 'order': 'asc'}
SELECT * FROM forum WHERE short_name = "i0pq3f9w"
SELECT * FROM forum WHERE short_name = "i0pq3f9w"
{'limit': u'35', 'user': '9tr7@list.ru', 'order': 'desc'}
{'limit': u'99', 'user': '9id4vw57q@mail.ru', 'order': 'asc'}
{'limit': u'55', 'user': '2cqpoerv@gmail.com', 'order': 'asc'}
{'limit': u'73', 'user': 'ygiz@ya.ru', 'order': 'desc'}
{'limit': u'96', 'user': 'qhl591sm@list.ru', 'order': 'desc'}
SELECT * FROM forum WHERE short_name = "pe3dqag7f"
(643934L, u'Lorem ipsum dolor sit amet, consectetur adipiscing elit. Aliquam a lorem a leo porttitor tincidunt eget et urna. Aenean id lacinia dolor. Sed consequat ipsum at orci porta, sed condimentum dui elementum. Curabitur magna purus, sagittis in convallis ultrices, dignissim pharetra ipsum. In molestie, arcu id convallis blandit, felis metus suscipit justo, ut iaculis metus leo viverra felis. Donec a varius dolor. Cras tempor, nisl in dapibus cursus, risus ligula ultricies nisi, a sagittis justo lorem et odio. Mauris eu scelerisque tellus. Duis luctus enim vel porttitor convallis. Phasellus pretium mi vitae ullamcorper pretium. Vivamus sollicitudin, risus a volutpat condimentum', datetime.datetime(2013, 2, 27, 19, 50, 46), 0, 1, 0, 1, 1, u'i0pq3f9w', 2850L, u'garho48i3@ya.ru', 0L, 0L, 0L, 619311L, u'1id7v urof qg79g', u'i0pq3f9w', u'rk94@mail.ru', 2L, 2850L, u'i0pq3f9w', u'igt4n3hf ue9n3d tw8gux vqto9', 0, u'4cnlb0h@gmail.com', datetime.datetime(2013, 4, 26, 3, 46, 51), u'i3zyenq1wa spv31 1h b02z 17dstg a2gxeurtgw 8thsbgavx h8yi ngkg5e ycp495e 7pz3 6bkw b3v4 bx4w078zcp 16 su310 hosgit3k owq3f i2fswtq ibcnlo 80o9 14fp', u'el28c3p', 1, 112L, 0L, 0L, 0L)
<type 'tuple'>
(766841L, u'Lorem ipsum dolor sit amet, consectetur adipiscing elit. Aliquam a lorem a leo porttitor tincidunt eget et urna. Aenean id lacinia dolor. Sed consequat ipsum at orci porta, sed condimentum dui elementum. Curabitur magna purus, sagittis in convallis ultrices, dignissim pharetra ipsum. In molestie, arcu id convallis blandit, felis metus suscipit justo, ut iaculis metus leo viverra felis. Donec a varius dolor. Cras tempor, nisl in dapibus cursus, risus ligula ultricies nisi, a sagittis justo lorem et odio. Mauris eu scelerisque tellus. Duis luctus enim vel porttitor convallis. Phasellus pretium mi vitae ullamcorper pretium. Vivamus sollicitudin, risus a volutpat condimentum', datetime.datetime(2013, 10, 3, 10, 58, 32), 1, 1, 1, 1, 0, u'z2kh7pb9ad', 8761L, u'ok3b7fy@list.ru', 0L, 0L, 0L, 475085L)
<type 'tuple'>
 handler create: 

error create forum
SELECT * FROM forum WHERE short_name = "pe3dqag7f"
SELECT * FROM forum WHERE short_name = "8h9"
SELECT * FROM forum WHERE short_name = "8h9"
(632071L, u'Lorem ipsum dolor sit amet, consectetur adipiscing elit. Aliquam a lorem a leo porttitor tincidunt eget et urna. Aenean id lacinia dolor. Sed consequat ipsum at orci porta, sed condimentum dui elementum. Curabitur magna purus, sagittis in convallis ultrices, dignissim pharetra ipsum. In molestie, arcu id convallis blandit, felis metus suscipit justo, ut iaculis metus leo viverra felis. Donec a varius dolor. Cras tempor, nisl in dapibus cursus, risus ligula ultricies nisi, a sagittis justo lorem et odio. Mauris eu scelerisque tellus. Duis luctus enim vel porttitor convallis. Phasellus pretium mi vitae ullamcorper pretium. Vivamus sollicitudin, risus a volutpat condimentum', datetime.datetime(2013, 10, 12, 7, 19, 25), 0, 0, 0, 0, 0, u'4xt', 9185L, u'4yr3sm89e@bk.ru', 0L, 0L, 0L, None)
<type 'tuple'>
{'limit': u'30', 'user': 'u2kozf4qw9@yahoo.com', 'order': 'asc'}
SELECT * FROM forum WHERE short_name = "4xt"
(237046L, u'Lorem ipsum dolor sit amet, consectetur adipiscing elit. Aliquam a lorem a leo porttitor tincidunt eget et urna. Aenean id lacinia dolor. Sed consequat ipsum at orci porta, sed condimentum dui elementum. Curabitur magna purus, sagittis in convallis ultrices, dignissim pharetra ipsum. In molestie, arcu id convallis blandit, felis metus suscipit justo, ut iaculis metus leo viverra felis. Donec a varius dolor. Cras tempor, nisl in dapibus cursus, risus ligula ultricies nisi, a sagittis justo lorem et odio. Mauris eu scelerisque tellus. Duis luctus enim vel porttitor convallis. Phasellus pretium mi vitae ullamcorper pretium. Vivamus sollicitudin, risus a volutpat condimentum', datetime.datetime(2013, 3, 14, 21, 28), 1, 0, 1, 0, 0, u'r6d2bz8gme', 2248L, u'm5o0fvthk8@yahoo.com', 0L, 0L, 0L, 51073L, 2248L, u'r6d2bz8gme', u'dlg', 0, u'uy8vq3@ua.ru', datetime.datetime(2013, 6, 19, 7, 28, 40), u'7do u1gl0xq59 ae9m4 wnpl5hv0i bvkwnhx 4eqtk23n5 suzayo7cd2 zx8i7t k1l cg4ibs027v 3sgotqk m6d hweulvz7g 75owq ek4obsyh13 wi1 42mfg vwyc7ht0f 5k19 wz7u bvuk6s7 yc6 wl6dr uave8ip', u'xqvadnk', 1, 86L, 0L, 0L, 0L)
<type 'tuple'>
(525105L, u'Lorem ipsum dolor sit amet, consectetur adipiscing elit. Aliquam a lorem a leo porttitor tincidunt eget et urna. Aenean id lacinia dolor. Sed consequat ipsum at orci porta, sed condimentum dui elementum. Curabitur magna purus, sagittis in convallis ultrices, dignissim pharetra ipsum. In molestie, arcu id convallis blandit, felis metus suscipit justo, ut iaculis metus leo viverra felis. Donec a varius dolor. Cras tempor, nisl in dapibus cursus, risus ligula ultricies nisi, a sagittis justo lorem et odio. Mauris eu scelerisque tellus. Duis luctus enim vel porttitor convallis. Phasellus pretium mi vitae ullamcorper pretium. Vivamus sollicitudin, risus a volutpat condimentum', datetime.datetime(2013, 5, 24, 19, 34, 18), 0, 0, 1, 0, 0, u'27o', 9802L, u'4lc8zgh61a@bk.ru', 0L, 0L, 0L, 392501L)
<type 'tuple'>
SELECT * FROM forum WHERE short_name = "gbeylxigw1"
SELECT * FROM forum WHERE short_name = "8h9"
(260968L, u'Lorem ipsum dolor sit amet, consectetur adipiscing elit. Aliquam a lorem a leo porttitor tincidunt eget et urna. Aenean id lacinia dolor. Sed consequat ipsum at orci porta, sed condimentum dui elementum. Curabitur magna purus, sagittis in convallis ultrices, dignissim pharetra ipsum. In molestie, arcu id convallis blandit, felis metus suscipit justo, ut iaculis metus leo viverra felis. Donec a varius dolor. Cras tempor, nisl in dapibus cursus, risus ligula ultricies nisi, a sagittis justo lorem et odio. Mauris eu scelerisque tellus. Duis luctus enim vel porttitor convallis. Phasellus pretium mi vitae ullamcorper pretium. Vivamus sollicitudin, risus a volutpat condimentum', datetime.datetime(2013, 3, 8, 12, 23, 55), 0, 0, 1, 0, 0, u'b5xp9ug', 8657L, u'i8cb@bk.ru', 0L, 0L, 0L, None, u'p3f8gei ywfgri0zkb za0xqgn 4xi0yg', u'b5xp9ug', u'1t@yahoo.com', 1L, 8657L, u'b5xp9ug', u'sakehy0fd', 0, u'5xhgs@ua.ru', datetime.datetime(2013, 3, 26, 12, 56, 40), u'qcz9bas6 23 64gz rgncm6 fx26nh07 qtd 7zt 50kwabc3r vzru92i tr om gpy2 u2e7wco sh4mre dkyh df68taevz 0k fu5e glcs kigw c0khts3p qryd1oz z6mqb5gkta mgcp3o ka5vtl enzh3bou uf8gq4vn7h ov', u'03cun86o', 1, 94L, 0L, 0L, 0L)
<type 'tuple'>
(942941L, u'Lorem ipsum dolor sit amet, consectetur adipiscing elit. Aliquam a lorem a leo porttitor tincidunt eget et urna. Aenean id lacinia dolor. Sed consequat ipsum at orci porta, sed condimentum dui elementum. Curabitur magna purus, sagittis in convallis ultrices, dignissim pharetra ipsum. In molestie, arcu id convallis blandit, felis metus suscipit justo, ut iaculis metus leo viverra felis. Donec a varius dolor. Cras tempor, nisl in dapibus cursus, risus ligula ultricies nisi, a sagittis justo lorem et odio. Mauris eu scelerisque tellus. Duis luctus enim vel porttitor convallis. Phasellus pretium mi vitae ullamcorper pretium. Vivamus sollicitudin, risus a volutpat condimentum', datetime.datetime(2013, 6, 6, 19, 23, 9), 0, 1, 0, 0, 1, u'r6d2bz8gme', 3909L, u'1o@yahoo.com', 0L, 0L, 0L, 404400L)
<type 'tuple'>
SELECT * FROM forum WHERE short_name = "27o"
(882208L, u'Lorem ipsum dolor sit amet, consectetur adipiscing elit. Aliquam a lorem a leo porttitor tincidunt eget et urna. Aenean id lacinia dolor. Sed consequat ipsum at orci porta, sed condimentum dui elementum. Curabitur magna purus, sagittis in convallis ultrices, dignissim pharetra ipsum. In molestie, arcu id convallis blandit, felis metus suscipit justo, ut iaculis metus leo viverra felis. Donec a varius dolor. Cras tempor, nisl in dapibus cursus, risus ligula ultricies nisi, a sagittis justo lorem et odio. Mauris eu scelerisque tellus. Duis luctus enim vel porttitor convallis. Phasellus pretium mi vitae ullamcorper pretium. Vivamus sollicitudin, risus a volutpat condimentum', datetime.datetime(2013, 1, 17, 17, 30, 24), 1, 0, 1, 0, 1, u'4xt', 4971L, u'cr9x@gmail.com', 0L, 0L, 0L, 755165L, 4971L, u'4xt', u'rm7f i2gz8c 95qg32ex', 0, u'd0nmt@mail.ru', datetime.datetime(2013, 8, 11, 20, 21, 47), u'17usp0q 93tk cxh 7m86w2pcu bqnyk1m eg58pd os gixgr0pb 1kw9cxua5d 04qvgk aulgi 04t39d 02kw s0pwm vgkc6q2ul bql9y7cn dbpl1gc6v ycot cu8 xt6cl94rnu e86sbq73hd om53kswi 76tw 5d1c296b3a glsdhvf1bt 3ofxu 18k 5h 2y9u', u'4x', 0, 119L, 0L, 0L, 0L)
<type 'tuple'>
SELECT * FROM forum WHERE short_name = "b5xp9ug"
{'limit': u'13', 'user': 'hi@yahoo.com', 'order': 'desc'}
 handler create: 

error create forum
(43595L, u'Lorem ipsum dolor sit amet, consectetur adipiscing elit. Aliquam a lorem a leo porttitor tincidunt eget et urna. Aenean id lacinia dolor. Sed consequat ipsum at orci porta, sed condimentum dui elementum. Curabitur magna purus, sagittis in convallis ultrices, dignissim pharetra ipsum. In molestie, arcu id convallis blandit, felis metus suscipit justo, ut iaculis metus leo viverra felis. Donec a varius dolor. Cras tempor, nisl in dapibus cursus, risus ligula ultricies nisi, a sagittis justo lorem et odio. Mauris eu scelerisque tellus. Duis luctus enim vel porttitor convallis. Phasellus pretium mi vitae ullamcorper pretium. Vivamus sollicitudin, risus a volutpat condimentum', datetime.datetime(2013, 5, 2, 5, 40, 53), 1, 0, 1, 0, 1, u'9otglvz', 8463L, u'7ev8so@yahoo.com', 0L, 0L, 0L, 14566L, u'm1nu', u'9otglvz', u'zmin@ya.ru', 10L, 8463L, u'9otglvz', u'dvps3qr n4lywf3 tzk0gp7 b3p', 1, u'azox@yahoo.com', datetime.datetime(2013, 2, 6, 21, 57, 7), u'mkpyvce i9glo76ez 75dck2 mf sd6k09izpr zxghw7mqd0 7ltacomh u4h89xd i1bw5mqp ybdlwh 9ski3 f2 tisvzg1 o3f0l5w glism1bya k9lbyvax 3vsbhga24g 3tgrwpms8 bsytu fgzlh5 1sl x7 5cl r37faywos', u'asrnu52le4', 1, 108L, 0L, 0L, 0L)
<type 'tuple'>
{'limit': u'73', 'user': '2b3ixwgt6@list.ru', 'order': 'asc'}
SELECT * FROM forum WHERE short_name = "4xt"
{'limit': u'87', 'user': '42@bk.ru', 'order': 'desc'}
(371987L, u'Lorem ipsum dolor sit amet, consectetur adipiscing elit. Aliquam a lorem a leo porttitor tincidunt eget et urna. Aenean id lacinia dolor. Sed consequat ipsum at orci porta, sed condimentum dui elementum. Curabitur magna purus, sagittis in convallis ultrices, dignissim pharetra ipsum. In molestie, arcu id convallis blandit, felis metus suscipit justo, ut iaculis metus leo viverra felis. Donec a varius dolor. Cras tempor, nisl in dapibus cursus, risus ligula ultricies nisi, a sagittis justo lorem et odio. Mauris eu scelerisque tellus. Duis luctus enim vel porttitor convallis. Phasellus pretium mi vitae ullamcorper pretium. Vivamus sollicitudin, risus a volutpat condimentum', datetime.datetime(2013, 11, 2, 6, 50, 56), 0, 1, 1, 0, 1, u'pe3dqag7f', 1934L, u'z506b2h@bk.ru', 0L, 0L, 0L, None)
<type 'tuple'>
{'limit': u'37', 'user': 'bpg8yek3um@bk.ru', 'order': 'desc'}
(203817L, u'Lorem ipsum dolor sit amet, consectetur adipiscing elit. Aliquam a lorem a leo porttitor tincidunt eget et urna. Aenean id lacinia dolor. Sed consequat ipsum at orci porta, sed condimentum dui elementum. Curabitur magna purus, sagittis in convallis ultrices, dignissim pharetra ipsum. In molestie, arcu id convallis blandit, felis metus suscipit justo, ut iaculis metus leo viverra felis. Donec a varius dolor. Cras tempor, nisl in dapibus cursus, risus ligula ultricies nisi, a sagittis justo lorem et odio. Mauris eu scelerisque tellus. Duis luctus enim vel porttitor convallis. Phasellus pretium mi vitae ullamcorper pretium. Vivamus sollicitudin, risus a volutpat condimentum', datetime.datetime(2013, 8, 24, 22, 49, 6), 0, 1, 0, 0, 0, u'gbeylxigw1', 6416L, u'wv@yahoo.com', 0L, 0L, 0L, 101683L)
<type 'tuple'>
(405099L, u'Lorem ipsum dolor sit amet, consectetur adipiscing elit. Aliquam a lorem a leo porttitor tincidunt eget et urna. Aenean id lacinia dolor. Sed consequat ipsum at orci porta, sed condimentum dui elementum. Curabitur magna purus, sagittis in convallis ultrices, dignissim pharetra ipsum. In molestie, arcu id convallis blandit, felis metus suscipit justo, ut iaculis metus leo viverra felis. Donec a varius dolor. Cras tempor, nisl in dapibus cursus, risus ligula ultricies nisi, a sagittis justo lorem et odio. Mauris eu scelerisque tellus. Duis luctus enim vel porttitor convallis. Phasellus pretium mi vitae ullamcorper pretium. Vivamus sollicitudin, risus a volutpat condimentum', datetime.datetime(2013, 3, 4, 9, 29, 16), 1, 0, 0, 0, 0, u'9otglvz', 583L, u'fo@ua.ru', 0L, 0L, 0L, None, u'm1nu', u'9otglvz', u'zmin@ya.ru', 10L, 583L, u'9otglvz', u'ka t5k0zwl6', 1, u'2w5mxzv@list.ru', datetime.datetime(2013, 12, 17, 18, 20, 57), u'2g60k3 e5qlpbc4g xo0 h6vx7w 7garg85 wxqv72 gcw 29 h7ndqrgw1 dishfoc ohi1vl9dfm cptsgnx e0xh9w ag zpxb 3gb g9gn k40xhb1t z80xu39nlf t4uo76n9 2znpgx0u 8by02ztmlf d10c8 nszxltfa2 9h 3s 1dr akd4yie9sq 6hxznervf', u'w6svid', 0, 99L, 0L, 0L, 0L)
<type 'tuple'>
(128993L, u'Lorem ipsum dolor sit amet, consectetur adipiscing elit. Aliquam a lorem a leo porttitor tincidunt eget et urna. Aenean id lacinia dolor. Sed consequat ipsum at orci porta, sed condimentum dui elementum. Curabitur magna purus, sagittis in convallis ultrices, dignissim pharetra ipsum. In molestie, arcu id convallis blandit, felis metus suscipit justo, ut iaculis metus leo viverra felis. Donec a varius dolor. Cras tempor, nisl in dapibus cursus, risus ligula ultricies nisi, a sagittis justo lorem et odio. Mauris eu scelerisque tellus. Duis luctus enim vel porttitor convallis. Phasellus pretium mi vitae ullamcorper pretium. Vivamus sollicitudin, risus a volutpat condimentum', datetime.datetime(2013, 12, 13, 23, 52, 58), 1, 1, 0, 0, 1, u'gbeylxigw1', 7989L, u'z8bg@yahoo.com', 0L, 0L, 0L, 93976L, u'2bhd7f6 l17 fbr95gush2', u'gbeylxigw1', u'ygsqo3509@bk.ru', 7L)
<type 'tuple'>
{'limit': u'97', 'user': 'fp6gg@bk.ru', 'order': 'desc'}
{'limit': u'76', 'user': 'grnvl987yc@bk.ru', 'order': 'desc'}
{'limit': u'45', 'user': '6dr9@ua.ru', 'order': 'asc'}
{'limit': u'44', 'user': 'pf@bk.ru', 'order': 'asc'}
{'limit': u'98', 'user': '86@list.ru', 'order': 'desc'}
(615330L, u'Lorem ipsum dolor sit amet, consectetur adipiscing elit. Aliquam a lorem a leo porttitor tincidunt eget et urna. Aenean id lacinia dolor. Sed consequat ipsum at orci porta, sed condimentum dui elementum. Curabitur magna purus, sagittis in convallis ultrices, dignissim pharetra ipsum. In molestie, arcu id convallis blandit, felis metus suscipit justo, ut iaculis metus leo viverra felis. Donec a varius dolor. Cras tempor, nisl in dapibus cursus, risus ligula ultricies nisi, a sagittis justo lorem et odio. Mauris eu scelerisque tellus. Duis luctus enim vel porttitor convallis. Phasellus pretium mi vitae ullamcorper pretium. Vivamus sollicitudin, risus a volutpat condimentum', datetime.datetime(2013, 10, 14, 15, 13, 11), 0, 1, 0, 1, 0, u'27o', 8225L, u'0p6kf5tw@mail.ru', 0L, 0L, 0L, 430195L)
<type 'tuple'>
{'limit': u'87', 'user': '42@bk.ru', 'order': 'desc'}
{'limit': u'37', 'user': 'bpg8yek3um@bk.ru', 'order': 'desc'}
{'limit': u'97', 'user': 'fp6gg@bk.ru', 'order': 'desc'}
{'limit': u'76', 'user': 'grnvl987yc@bk.ru', 'order': 'desc'}
{'limit': u'45', 'user': '6dr9@ua.ru', 'order': 'asc'}
{'limit': u'44', 'user': 'pf@bk.ru', 'order': 'asc'}
{'limit': u'98', 'user': '86@list.ru', 'order': 'desc'}
{'limit': u'19', 'user': 'hgns@ua.ru', 'order': 'asc'}
{'limit': u'35', 'user': '9tr7@list.ru', 'order': 'desc'}
{'limit': u'99', 'user': '9id4vw57q@mail.ru', 'order': 'asc'}
{'limit': u'55', 'user': '2cqpoerv@gmail.com', 'order': 'asc'}
{'limit': u'73', 'user': 'ygiz@ya.ru', 'order': 'desc'}
{'limit': u'96', 'user': 'qhl591sm@list.ru', 'order': 'desc'}
error create forum short_name or name exist
{'limit': u'30', 'user': 'u2kozf4qw9@yahoo.com', 'order': 'asc'}
{'limit': u'13', 'user': 'hi@yahoo.com', 'order': 'desc'}
error create forum short_name or name exist
{'limit': u'73', 'user': '2b3ixwgt6@list.ru', 'order': 'asc'}
{'limit': u'38', 'user': '5cdof8ral@yahoo.com', 'order': 'desc'}
{'limit': u'39', 'user': 'ao7@list.ru', 'order': 'asc'}
{'limit': u'36', 'user': 'g4eguw1l@gmail.com', 'order': 'desc'}
{'limit': u'91', 'user': '2h@yahoo.com', 'order': 'desc'}
error create forum short_name or name exist
error create forum short_name or name exist
error create forum short_name or name exist
error create forum short_name or name exist
error create forum short_name or name exist
error create forum short_name or name exist
error details post
error create user
error det thread
error details post
error create user
error det thread
error list post
updateProfile: 

updateProfile: 

error details post
error create user
error det thread
error list post
error subscribe thread
updateProfile: 

updateProfile: 

error details post
error create user
error det thread
error list post
updateProfile: 

updateProfile: 

error details post
error create user
error det thread
error list post
error subscribe thread
updateProfile: 

updateProfile: 

error details post
error create user
error det thread
error list post
error subscribe thread
error subscribe thread
updateProfile: 

updateProfile: 

error details post
error create user
error det thread
error subscribe thread
updateProfile: 

updateProfile: 

error details post
error create user
error det thread
error list post
updateProfile: 

updateProfile: 

error details post
error create user
error det thread
error list post
error list post
error subscribe thread
updateProfile: 

updateProfile: 

error details post
error create user
error det thread
error list post
updateProfile: 

updateProfile: 

error details post
error create user
error det thread
error list post
error list post
updateProfile: 

updateProfile: 

error details post
error create user
error det thread
error list post
error subscribe thread
updateProfile: 

updateProfile: 

error details post
error create user
error det thread
error list post
updateProfile: 

updateProfile: 

error details post
error create user
error det thread
error subscribe thread
updateProfile: 

updateProfile: 

error details post
error create user
error det thread
updateProfile: 

updateProfile: 

error details post
error create user
error det thread
updateProfile: 

updateProfile: 

error details post
error create user
error det thread
error list post
error subscribe thread
updateProfile: 

updateProfile: 

error details post
error create user
error det thread
error list post
error list post
updateProfile: 

updateProfile: 

error details post
error create user
error det thread
updateProfile: 

updateProfile: 

error details post
error create user
error det thread
updateProfile: 

updateProfile: 

error details post
error create user
error det thread
error list post
updateProfile: 

updateProfile: 

error details post
error create user
error det thread
error list post
error subscribe thread
updateProfile: 

updateProfile: 

error details post
error create user
error det thread
error list post
error list post
error subscribe thread
error subscribe thread
updateProfile: 

updateProfile: 

error details post
error create user
error det thread
error list post
error subscribe thread
updateProfile: 

updateProfile: 

error details post
error create user
error det thread
error list post
error subscribe thread
updateProfile: 

updateProfile: 

error details post
error create user
error det thread
error list post
error list post
updateProfile: 

updateProfile: 

error details post
error create user
error det thread
error list post
error subscribe thread
error subscribe thread
updateProfile: 

updateProfile: 

error details post
error create user
error det thread
updateProfile: 

updateProfile: 

error details post
error create user
error det thread
error list post
updateProfile: 

updateProfile: 

error details post
error create user
error det thread
error list post
updateProfile: 

updateProfile: 

error details post
error create user
error det thread
error list post
updateProfile: 

updateProfile: 

error details post
error create user
error det thread
updateProfile: 

updateProfile: 

error details post
error create user
error det thread
error list post
updateProfile: 

updateProfile: 

error details post
error create user
error det thread
error subscribe thread
updateProfile: 

updateProfile: 

error details post
error create user
error det thread
error list post
error subscribe thread
updateProfile: 

updateProfile: 

error details post
error create user
error det thread
error list post
error subscribe thread
updateProfile: 

updateProfile: 

error details post
error create user
error det thread
error list post
updateProfile: 

updateProfile: 

error details post
error create user
error det thread
error list post
error subscribe thread
updateProfile: 

updateProfile: 

error details post
error create user
error det thread
error list post
updateProfile: 

updateProfile: 

error details post
error create user
error det thread
error list post
error subscribe thread
updateProfile: 

updateProfile: 

